<?xml version="1.0" encoding="UTF-8"?>
<robot generator="Robot 3.2.1 (Python 3.8.3 on win32)" generated="20200516 22:55:13.083" rpa="false">
<suite id="s1" name="Login Tests Two" source="C:\Users\antip\Desktop\Uusi kansio\TTOS0800_0900\PT4\login_tests_two">
<suite id="s1-s1" name="Login Attemps" source="C:\Users\antip\Desktop\Uusi kansio\TTOS0800_0900\PT4\login_tests_two\login_attemps.robot">
<test id="s1-s1-t1" name="Invalid Username And Password">
<kw name="Open Browser To Login Page" library="resource" type="setup">
<kw name="Open Browser" library="SeleniumLibrary">
<doc>Opens a new browser instance to the optional ``url``.</doc>
<arguments>
<arg>${LOGIN URL}</arg>
<arg>${BROWSER}</arg>
</arguments>
<msg timestamp="20200516 22:55:13.232" level="INFO">Opening browser 'Firefox' to base url 'https://gothinkster.github.io/clojurescript-keechma-realworld-example-app/#!login'.</msg>
<msg timestamp="20200516 22:55:13.233" level="INFO">Firefox driver log is always forced to to: C:\Users\antip\Desktop\Uusi kansio\TTOS0800_0900\PT4\geckodriver-19.log</msg>
<status status="PASS" starttime="20200516 22:55:13.231" endtime="20200516 22:55:18.656"></status>
</kw>
<kw name="Maximize Browser Window" library="SeleniumLibrary">
<doc>Maximizes current browser window.</doc>
<status status="PASS" starttime="20200516 22:55:18.656" endtime="20200516 22:55:18.915"></status>
</kw>
<kw name="Set Selenium Speed" library="SeleniumLibrary">
<doc>Sets the delay that is waited after each Selenium command.</doc>
<arguments>
<arg>${DELAY}</arg>
</arguments>
<status status="PASS" starttime="20200516 22:55:18.916" endtime="20200516 22:55:18.916"></status>
</kw>
<kw name="Login Page Should Be Open" library="resource">
<kw name="Location Should Be" library="SeleniumLibrary">
<doc>Verifies that the current URL is exactly ``url``.</doc>
<arguments>
<arg>${LOGIN URL}</arg>
</arguments>
<msg timestamp="20200516 22:55:18.918" level="INFO">Current location is 'https://gothinkster.github.io/clojurescript-keechma-realworld-example-app/#!login'.</msg>
<status status="PASS" starttime="20200516 22:55:18.916" endtime="20200516 22:55:18.918"></status>
</kw>
<kw name="Title Should Be" library="SeleniumLibrary">
<doc>Verifies that the current page title equals ``title``.</doc>
<arguments>
<arg>Conduit</arg>
</arguments>
<msg timestamp="20200516 22:55:18.919" level="INFO">Page title is 'Conduit'.</msg>
<status status="PASS" starttime="20200516 22:55:18.918" endtime="20200516 22:55:18.919"></status>
</kw>
<status status="PASS" starttime="20200516 22:55:18.916" endtime="20200516 22:55:18.919"></status>
</kw>
<status status="PASS" starttime="20200516 22:55:13.231" endtime="20200516 22:55:18.919"></status>
</kw>
<kw name="User tries to login but misspells both credentials">
<kw name="Input Username" library="resource">
<arguments>
<arg>testitunnus</arg>
</arguments>
<kw name="Input Text" library="SeleniumLibrary">
<doc>Types the given ``text`` into the text field identified by ``locator``.</doc>
<arguments>
<arg>xpath=//*[@id="app"]/div/div/div/div/div/form/fieldset[1]/input</arg>
<arg>${username}</arg>
</arguments>
<msg timestamp="20200516 22:55:18.921" level="INFO">Typing text 'testitunnus' into text field 'xpath=//*[@id="app"]/div/div/div/div/div/form/fieldset[1]/input'.</msg>
<status status="PASS" starttime="20200516 22:55:18.920" endtime="20200516 22:55:18.950"></status>
</kw>
<status status="PASS" starttime="20200516 22:55:18.920" endtime="20200516 22:55:18.950"></status>
</kw>
<kw name="Input Password" library="resource">
<arguments>
<arg>testitunnus321</arg>
</arguments>
<kw name="Input Text" library="SeleniumLibrary">
<doc>Types the given ``text`` into the text field identified by ``locator``.</doc>
<arguments>
<arg>xpath=//*[@id="app"]/div/div/div/div/div/form/fieldset[2]/input</arg>
<arg>${password}</arg>
</arguments>
<msg timestamp="20200516 22:55:18.952" level="INFO">Typing text 'testitunnus321' into text field 'xpath=//*[@id="app"]/div/div/div/div/div/form/fieldset[2]/input'.</msg>
<status status="PASS" starttime="20200516 22:55:18.951" endtime="20200516 22:55:19.008"></status>
</kw>
<status status="PASS" starttime="20200516 22:55:18.951" endtime="20200516 22:55:19.009"></status>
</kw>
<kw name="Submit Credentials" library="resource">
<kw name="Click Button" library="SeleniumLibrary">
<doc>Clicks the button identified by ``locator``.</doc>
<arguments>
<arg>xpath=//*[@id="app"]/div/div/div/div/div/form/button</arg>
</arguments>
<msg timestamp="20200516 22:55:19.009" level="INFO">Clicking button 'xpath=//*[@id="app"]/div/div/div/div/div/form/button'.</msg>
<status status="PASS" starttime="20200516 22:55:19.009" endtime="20200516 22:55:19.272"></status>
</kw>
<kw name="Wait for page to load" library="resource">
<kw name="Sleep" library="BuiltIn">
<doc>Pauses the test executed for the given time.</doc>
<arguments>
<arg>1s</arg>
</arguments>
<msg timestamp="20200516 22:55:20.274" level="INFO">Slept 1 second</msg>
<status status="PASS" starttime="20200516 22:55:19.273" endtime="20200516 22:55:20.274"></status>
</kw>
<status status="PASS" starttime="20200516 22:55:19.273" endtime="20200516 22:55:20.274"></status>
</kw>
<status status="PASS" starttime="20200516 22:55:19.009" endtime="20200516 22:55:20.274"></status>
</kw>
<status status="PASS" starttime="20200516 22:55:18.920" endtime="20200516 22:55:20.274"></status>
</kw>
<kw name="According to the User, login should have succeed">
<kw name="Login Should Have Succeed" library="resource">
<kw name="Location Should Be" library="SeleniumLibrary">
<doc>Verifies that the current URL is exactly ``url``.</doc>
<arguments>
<arg>${WELCOME URL}</arg>
</arguments>
<kw name="Capture Page Screenshot" library="SeleniumLibrary">
<doc>Takes a screenshot of the current page and embeds it into a log file.</doc>
<msg timestamp="20200516 22:55:20.330" level="INFO" html="yes">&lt;/td&gt;&lt;/tr&gt;&lt;tr&gt;&lt;td colspan="3"&gt;&lt;a href="selenium-screenshot-4.png"&gt;&lt;img src="selenium-screenshot-4.png" width="800px"&gt;&lt;/a&gt;</msg>
<status status="PASS" starttime="20200516 22:55:20.277" endtime="20200516 22:55:20.330"></status>
</kw>
<msg timestamp="20200516 22:55:20.330" level="FAIL">Location should have been 'https://gothinkster.github.io/clojurescript-keechma-realworld-example-app/#!home/personal' but was 'https://gothinkster.github.io/clojurescript-keechma-realworld-example-app/#!login'.</msg>
<status status="FAIL" starttime="20200516 22:55:20.275" endtime="20200516 22:55:20.330"></status>
</kw>
<status status="FAIL" starttime="20200516 22:55:20.275" endtime="20200516 22:55:20.331"></status>
</kw>
<status status="FAIL" starttime="20200516 22:55:20.275" endtime="20200516 22:55:20.331"></status>
</kw>
<kw name="Close Browser" library="SeleniumLibrary" type="teardown">
<doc>Closes the current browser.</doc>
<status status="PASS" starttime="20200516 22:55:20.331" endtime="20200516 22:55:21.195"></status>
</kw>
<status status="FAIL" starttime="20200516 22:55:13.231" endtime="20200516 22:55:21.195" critical="yes">Location should have been 'https://gothinkster.github.io/clojurescript-keechma-realworld-example-app/#!home/personal' but was 'https://gothinkster.github.io/clojurescript-keechma-realworld-example-app/#!login'.</status>
</test>
<test id="s1-s1-t2" name="Invalid Username">
<kw name="Open Browser To Login Page" library="resource" type="setup">
<kw name="Open Browser" library="SeleniumLibrary">
<doc>Opens a new browser instance to the optional ``url``.</doc>
<arguments>
<arg>${LOGIN URL}</arg>
<arg>${BROWSER}</arg>
</arguments>
<msg timestamp="20200516 22:55:21.197" level="INFO">Opening browser 'Firefox' to base url 'https://gothinkster.github.io/clojurescript-keechma-realworld-example-app/#!login'.</msg>
<msg timestamp="20200516 22:55:21.199" level="INFO">Firefox driver log is always forced to to: C:\Users\antip\Desktop\Uusi kansio\TTOS0800_0900\PT4\geckodriver-20.log</msg>
<status status="PASS" starttime="20200516 22:55:21.197" endtime="20200516 22:55:26.612"></status>
</kw>
<kw name="Maximize Browser Window" library="SeleniumLibrary">
<doc>Maximizes current browser window.</doc>
<status status="PASS" starttime="20200516 22:55:26.612" endtime="20200516 22:55:26.880"></status>
</kw>
<kw name="Set Selenium Speed" library="SeleniumLibrary">
<doc>Sets the delay that is waited after each Selenium command.</doc>
<arguments>
<arg>${DELAY}</arg>
</arguments>
<status status="PASS" starttime="20200516 22:55:26.880" endtime="20200516 22:55:26.880"></status>
</kw>
<kw name="Login Page Should Be Open" library="resource">
<kw name="Location Should Be" library="SeleniumLibrary">
<doc>Verifies that the current URL is exactly ``url``.</doc>
<arguments>
<arg>${LOGIN URL}</arg>
</arguments>
<msg timestamp="20200516 22:55:26.882" level="INFO">Current location is 'https://gothinkster.github.io/clojurescript-keechma-realworld-example-app/#!login'.</msg>
<status status="PASS" starttime="20200516 22:55:26.881" endtime="20200516 22:55:26.882"></status>
</kw>
<kw name="Title Should Be" library="SeleniumLibrary">
<doc>Verifies that the current page title equals ``title``.</doc>
<arguments>
<arg>Conduit</arg>
</arguments>
<msg timestamp="20200516 22:55:26.884" level="INFO">Page title is 'Conduit'.</msg>
<status status="PASS" starttime="20200516 22:55:26.882" endtime="20200516 22:55:26.884"></status>
</kw>
<status status="PASS" starttime="20200516 22:55:26.880" endtime="20200516 22:55:26.884"></status>
</kw>
<status status="PASS" starttime="20200516 22:55:21.197" endtime="20200516 22:55:26.884"></status>
</kw>
<kw name="User misspells his username as &quot;testitunnus&quot; but writes his passwords correctly as &quot;testitunnus1234&quot;">
<kw name="Input Username" library="resource">
<arguments>
<arg>${username}</arg>
</arguments>
<kw name="Input Text" library="SeleniumLibrary">
<doc>Types the given ``text`` into the text field identified by ``locator``.</doc>
<arguments>
<arg>xpath=//*[@id="app"]/div/div/div/div/div/form/fieldset[1]/input</arg>
<arg>${username}</arg>
</arguments>
<msg timestamp="20200516 22:55:26.885" level="INFO">Typing text 'testitunnus' into text field 'xpath=//*[@id="app"]/div/div/div/div/div/form/fieldset[1]/input'.</msg>
<status status="PASS" starttime="20200516 22:55:26.885" endtime="20200516 22:55:26.912"></status>
</kw>
<status status="PASS" starttime="20200516 22:55:26.885" endtime="20200516 22:55:26.912"></status>
</kw>
<kw name="Input Password" library="resource">
<arguments>
<arg>${password}</arg>
</arguments>
<kw name="Input Text" library="SeleniumLibrary">
<doc>Types the given ``text`` into the text field identified by ``locator``.</doc>
<arguments>
<arg>xpath=//*[@id="app"]/div/div/div/div/div/form/fieldset[2]/input</arg>
<arg>${password}</arg>
</arguments>
<msg timestamp="20200516 22:55:26.914" level="INFO">Typing text 'testitunnus1234' into text field 'xpath=//*[@id="app"]/div/div/div/div/div/form/fieldset[2]/input'.</msg>
<status status="PASS" starttime="20200516 22:55:26.914" endtime="20200516 22:55:26.970"></status>
</kw>
<status status="PASS" starttime="20200516 22:55:26.913" endtime="20200516 22:55:26.971"></status>
</kw>
<kw name="Submit Credentials" library="resource">
<kw name="Click Button" library="SeleniumLibrary">
<doc>Clicks the button identified by ``locator``.</doc>
<arguments>
<arg>xpath=//*[@id="app"]/div/div/div/div/div/form/button</arg>
</arguments>
<msg timestamp="20200516 22:55:26.971" level="INFO">Clicking button 'xpath=//*[@id="app"]/div/div/div/div/div/form/button'.</msg>
<status status="PASS" starttime="20200516 22:55:26.971" endtime="20200516 22:55:27.239"></status>
</kw>
<kw name="Wait for page to load" library="resource">
<kw name="Sleep" library="BuiltIn">
<doc>Pauses the test executed for the given time.</doc>
<arguments>
<arg>1s</arg>
</arguments>
<msg timestamp="20200516 22:55:28.239" level="INFO">Slept 1 second</msg>
<status status="PASS" starttime="20200516 22:55:27.239" endtime="20200516 22:55:28.239"></status>
</kw>
<status status="PASS" starttime="20200516 22:55:27.239" endtime="20200516 22:55:28.239"></status>
</kw>
<status status="PASS" starttime="20200516 22:55:26.971" endtime="20200516 22:55:28.239"></status>
</kw>
<status status="PASS" starttime="20200516 22:55:26.884" endtime="20200516 22:55:28.239"></status>
</kw>
<kw name="Then login should have failed" library="resource">
<kw name="Location Should Be" library="SeleniumLibrary">
<doc>Verifies that the current URL is exactly ``url``.</doc>
<arguments>
<arg>${ERROR URL}</arg>
</arguments>
<msg timestamp="20200516 22:55:28.242" level="INFO">Current location is 'https://gothinkster.github.io/clojurescript-keechma-realworld-example-app/#!login'.</msg>
<status status="PASS" starttime="20200516 22:55:28.240" endtime="20200516 22:55:28.242"></status>
</kw>
<kw name="Title Should Be" library="SeleniumLibrary">
<doc>Verifies that the current page title equals ``title``.</doc>
<arguments>
<arg>Conduit</arg>
</arguments>
<msg timestamp="20200516 22:55:28.243" level="INFO">Page title is 'Conduit'.</msg>
<status status="PASS" starttime="20200516 22:55:28.242" endtime="20200516 22:55:28.243"></status>
</kw>
<status status="PASS" starttime="20200516 22:55:28.240" endtime="20200516 22:55:28.243"></status>
</kw>
<kw name="Close Browser" library="SeleniumLibrary" type="teardown">
<doc>Closes the current browser.</doc>
<status status="PASS" starttime="20200516 22:55:28.244" endtime="20200516 22:55:29.158"></status>
</kw>
<status status="PASS" starttime="20200516 22:55:21.197" endtime="20200516 22:55:29.158" critical="yes"></status>
</test>
<test id="s1-s1-t3" name="Invalid Password">
<kw name="Open Browser To Login Page" library="resource" type="setup">
<kw name="Open Browser" library="SeleniumLibrary">
<doc>Opens a new browser instance to the optional ``url``.</doc>
<arguments>
<arg>${LOGIN URL}</arg>
<arg>${BROWSER}</arg>
</arguments>
<msg timestamp="20200516 22:55:29.160" level="INFO">Opening browser 'Firefox' to base url 'https://gothinkster.github.io/clojurescript-keechma-realworld-example-app/#!login'.</msg>
<msg timestamp="20200516 22:55:29.162" level="INFO">Firefox driver log is always forced to to: C:\Users\antip\Desktop\Uusi kansio\TTOS0800_0900\PT4\geckodriver-21.log</msg>
<status status="PASS" starttime="20200516 22:55:29.160" endtime="20200516 22:55:34.569"></status>
</kw>
<kw name="Maximize Browser Window" library="SeleniumLibrary">
<doc>Maximizes current browser window.</doc>
<status status="PASS" starttime="20200516 22:55:34.569" endtime="20200516 22:55:34.829"></status>
</kw>
<kw name="Set Selenium Speed" library="SeleniumLibrary">
<doc>Sets the delay that is waited after each Selenium command.</doc>
<arguments>
<arg>${DELAY}</arg>
</arguments>
<status status="PASS" starttime="20200516 22:55:34.829" endtime="20200516 22:55:34.829"></status>
</kw>
<kw name="Login Page Should Be Open" library="resource">
<kw name="Location Should Be" library="SeleniumLibrary">
<doc>Verifies that the current URL is exactly ``url``.</doc>
<arguments>
<arg>${LOGIN URL}</arg>
</arguments>
<msg timestamp="20200516 22:55:34.831" level="INFO">Current location is 'https://gothinkster.github.io/clojurescript-keechma-realworld-example-app/#!login'.</msg>
<status status="PASS" starttime="20200516 22:55:34.830" endtime="20200516 22:55:34.832"></status>
</kw>
<kw name="Title Should Be" library="SeleniumLibrary">
<doc>Verifies that the current page title equals ``title``.</doc>
<arguments>
<arg>Conduit</arg>
</arguments>
<msg timestamp="20200516 22:55:34.833" level="INFO">Page title is 'Conduit'.</msg>
<status status="PASS" starttime="20200516 22:55:34.832" endtime="20200516 22:55:34.833"></status>
</kw>
<status status="PASS" starttime="20200516 22:55:34.829" endtime="20200516 22:55:34.833"></status>
</kw>
<status status="PASS" starttime="20200516 22:55:29.160" endtime="20200516 22:55:34.833"></status>
</kw>
<kw name="User &quot;testitunnus@testitunnus.fi&quot; misspells his password again as &quot;testitunnus321&quot;">
<kw name="Input Username" library="resource">
<arguments>
<arg>${username}</arg>
</arguments>
<kw name="Input Text" library="SeleniumLibrary">
<doc>Types the given ``text`` into the text field identified by ``locator``.</doc>
<arguments>
<arg>xpath=//*[@id="app"]/div/div/div/div/div/form/fieldset[1]/input</arg>
<arg>${username}</arg>
</arguments>
<msg timestamp="20200516 22:55:34.834" level="INFO">Typing text 'testitunnus@testitunnus.fi' into text field 'xpath=//*[@id="app"]/div/div/div/div/div/form/fieldset[1]/input'.</msg>
<status status="PASS" starttime="20200516 22:55:34.834" endtime="20200516 22:55:34.877"></status>
</kw>
<status status="PASS" starttime="20200516 22:55:34.834" endtime="20200516 22:55:34.877"></status>
</kw>
<kw name="Input Password" library="resource">
<arguments>
<arg>${password}</arg>
</arguments>
<kw name="Input Text" library="SeleniumLibrary">
<doc>Types the given ``text`` into the text field identified by ``locator``.</doc>
<arguments>
<arg>xpath=//*[@id="app"]/div/div/div/div/div/form/fieldset[2]/input</arg>
<arg>${password}</arg>
</arguments>
<msg timestamp="20200516 22:55:34.878" level="INFO">Typing text 'testitunnus321' into text field 'xpath=//*[@id="app"]/div/div/div/div/div/form/fieldset[2]/input'.</msg>
<status status="PASS" starttime="20200516 22:55:34.878" endtime="20200516 22:55:34.964"></status>
</kw>
<status status="PASS" starttime="20200516 22:55:34.877" endtime="20200516 22:55:34.964"></status>
</kw>
<kw name="Submit Credentials" library="resource">
<kw name="Click Button" library="SeleniumLibrary">
<doc>Clicks the button identified by ``locator``.</doc>
<arguments>
<arg>xpath=//*[@id="app"]/div/div/div/div/div/form/button</arg>
</arguments>
<msg timestamp="20200516 22:55:34.965" level="INFO">Clicking button 'xpath=//*[@id="app"]/div/div/div/div/div/form/button'.</msg>
<status status="PASS" starttime="20200516 22:55:34.965" endtime="20200516 22:55:35.226"></status>
</kw>
<kw name="Wait for page to load" library="resource">
<kw name="Sleep" library="BuiltIn">
<doc>Pauses the test executed for the given time.</doc>
<arguments>
<arg>1s</arg>
</arguments>
<msg timestamp="20200516 22:55:36.227" level="INFO">Slept 1 second</msg>
<status status="PASS" starttime="20200516 22:55:35.226" endtime="20200516 22:55:36.227"></status>
</kw>
<status status="PASS" starttime="20200516 22:55:35.226" endtime="20200516 22:55:36.227"></status>
</kw>
<status status="PASS" starttime="20200516 22:55:34.964" endtime="20200516 22:55:36.227"></status>
</kw>
<status status="PASS" starttime="20200516 22:55:34.834" endtime="20200516 22:55:36.227"></status>
</kw>
<kw name="Then login should have failed" library="resource">
<kw name="Location Should Be" library="SeleniumLibrary">
<doc>Verifies that the current URL is exactly ``url``.</doc>
<arguments>
<arg>${ERROR URL}</arg>
</arguments>
<msg timestamp="20200516 22:55:36.230" level="INFO">Current location is 'https://gothinkster.github.io/clojurescript-keechma-realworld-example-app/#!login'.</msg>
<status status="PASS" starttime="20200516 22:55:36.228" endtime="20200516 22:55:36.230"></status>
</kw>
<kw name="Title Should Be" library="SeleniumLibrary">
<doc>Verifies that the current page title equals ``title``.</doc>
<arguments>
<arg>Conduit</arg>
</arguments>
<msg timestamp="20200516 22:55:36.231" level="INFO">Page title is 'Conduit'.</msg>
<status status="PASS" starttime="20200516 22:55:36.230" endtime="20200516 22:55:36.231"></status>
</kw>
<status status="PASS" starttime="20200516 22:55:36.228" endtime="20200516 22:55:36.231"></status>
</kw>
<kw name="Close Browser" library="SeleniumLibrary" type="teardown">
<doc>Closes the current browser.</doc>
<status status="PASS" starttime="20200516 22:55:36.232" endtime="20200516 22:55:37.153"></status>
</kw>
<status status="PASS" starttime="20200516 22:55:29.159" endtime="20200516 22:55:37.153" critical="yes"></status>
</test>
<test id="s1-s1-t4" name="Valid Credentials">
<kw name="Open Browser To Login Page" library="resource" type="setup">
<kw name="Open Browser" library="SeleniumLibrary">
<doc>Opens a new browser instance to the optional ``url``.</doc>
<arguments>
<arg>${LOGIN URL}</arg>
<arg>${BROWSER}</arg>
</arguments>
<msg timestamp="20200516 22:55:37.156" level="INFO">Opening browser 'Firefox' to base url 'https://gothinkster.github.io/clojurescript-keechma-realworld-example-app/#!login'.</msg>
<msg timestamp="20200516 22:55:37.157" level="INFO">Firefox driver log is always forced to to: C:\Users\antip\Desktop\Uusi kansio\TTOS0800_0900\PT4\geckodriver-22.log</msg>
<status status="PASS" starttime="20200516 22:55:37.155" endtime="20200516 22:55:42.572"></status>
</kw>
<kw name="Maximize Browser Window" library="SeleniumLibrary">
<doc>Maximizes current browser window.</doc>
<status status="PASS" starttime="20200516 22:55:42.572" endtime="20200516 22:55:42.841"></status>
</kw>
<kw name="Set Selenium Speed" library="SeleniumLibrary">
<doc>Sets the delay that is waited after each Selenium command.</doc>
<arguments>
<arg>${DELAY}</arg>
</arguments>
<status status="PASS" starttime="20200516 22:55:42.841" endtime="20200516 22:55:42.841"></status>
</kw>
<kw name="Login Page Should Be Open" library="resource">
<kw name="Location Should Be" library="SeleniumLibrary">
<doc>Verifies that the current URL is exactly ``url``.</doc>
<arguments>
<arg>${LOGIN URL}</arg>
</arguments>
<msg timestamp="20200516 22:55:42.843" level="INFO">Current location is 'https://gothinkster.github.io/clojurescript-keechma-realworld-example-app/#!login'.</msg>
<status status="PASS" starttime="20200516 22:55:42.842" endtime="20200516 22:55:42.843"></status>
</kw>
<kw name="Title Should Be" library="SeleniumLibrary">
<doc>Verifies that the current page title equals ``title``.</doc>
<arguments>
<arg>Conduit</arg>
</arguments>
<msg timestamp="20200516 22:55:42.845" level="INFO">Page title is 'Conduit'.</msg>
<status status="PASS" starttime="20200516 22:55:42.843" endtime="20200516 22:55:42.845"></status>
</kw>
<status status="PASS" starttime="20200516 22:55:42.841" endtime="20200516 22:55:42.845"></status>
</kw>
<status status="PASS" starttime="20200516 22:55:37.155" endtime="20200516 22:55:42.845"></status>
</kw>
<kw name="User succesfully enters credentials">
<kw name="Input Username" library="resource">
<arguments>
<arg>${VALID USER}</arg>
</arguments>
<kw name="Input Text" library="SeleniumLibrary">
<doc>Types the given ``text`` into the text field identified by ``locator``.</doc>
<arguments>
<arg>xpath=//*[@id="app"]/div/div/div/div/div/form/fieldset[1]/input</arg>
<arg>${username}</arg>
</arguments>
<msg timestamp="20200516 22:55:42.846" level="INFO">Typing text 'testitunnus@testitunnus.fi' into text field 'xpath=//*[@id="app"]/div/div/div/div/div/form/fieldset[1]/input'.</msg>
<status status="PASS" starttime="20200516 22:55:42.846" endtime="20200516 22:55:42.886"></status>
</kw>
<status status="PASS" starttime="20200516 22:55:42.845" endtime="20200516 22:55:42.886"></status>
</kw>
<kw name="Input Password" library="resource">
<arguments>
<arg>${VALID PASSWORD}</arg>
</arguments>
<kw name="Input Text" library="SeleniumLibrary">
<doc>Types the given ``text`` into the text field identified by ``locator``.</doc>
<arguments>
<arg>xpath=//*[@id="app"]/div/div/div/div/div/form/fieldset[2]/input</arg>
<arg>${password}</arg>
</arguments>
<msg timestamp="20200516 22:55:42.888" level="INFO">Typing text 'testitunnus1234' into text field 'xpath=//*[@id="app"]/div/div/div/div/div/form/fieldset[2]/input'.</msg>
<status status="PASS" starttime="20200516 22:55:42.888" endtime="20200516 22:55:42.971"></status>
</kw>
<status status="PASS" starttime="20200516 22:55:42.886" endtime="20200516 22:55:42.972"></status>
</kw>
<kw name="Submit Credentials" library="resource">
<kw name="Click Button" library="SeleniumLibrary">
<doc>Clicks the button identified by ``locator``.</doc>
<arguments>
<arg>xpath=//*[@id="app"]/div/div/div/div/div/form/button</arg>
</arguments>
<msg timestamp="20200516 22:55:42.973" level="INFO">Clicking button 'xpath=//*[@id="app"]/div/div/div/div/div/form/button'.</msg>
<status status="PASS" starttime="20200516 22:55:42.972" endtime="20200516 22:55:43.237"></status>
</kw>
<kw name="Wait for page to load" library="resource">
<kw name="Sleep" library="BuiltIn">
<doc>Pauses the test executed for the given time.</doc>
<arguments>
<arg>1s</arg>
</arguments>
<msg timestamp="20200516 22:55:44.238" level="INFO">Slept 1 second</msg>
<status status="PASS" starttime="20200516 22:55:43.237" endtime="20200516 22:55:44.238"></status>
</kw>
<status status="PASS" starttime="20200516 22:55:43.237" endtime="20200516 22:55:44.238"></status>
</kw>
<status status="PASS" starttime="20200516 22:55:42.972" endtime="20200516 22:55:44.238"></status>
</kw>
<status status="PASS" starttime="20200516 22:55:42.845" endtime="20200516 22:55:44.238"></status>
</kw>
<kw name="Login Should Have Succeed" library="resource">
<kw name="Location Should Be" library="SeleniumLibrary">
<doc>Verifies that the current URL is exactly ``url``.</doc>
<arguments>
<arg>${WELCOME URL}</arg>
</arguments>
<msg timestamp="20200516 22:55:44.240" level="INFO">Current location is 'https://gothinkster.github.io/clojurescript-keechma-realworld-example-app/#!home/personal'.</msg>
<status status="PASS" starttime="20200516 22:55:44.238" endtime="20200516 22:55:44.240"></status>
</kw>
<kw name="Title Should Be" library="SeleniumLibrary">
<doc>Verifies that the current page title equals ``title``.</doc>
<arguments>
<arg>Conduit</arg>
</arguments>
<msg timestamp="20200516 22:55:44.242" level="INFO">Page title is 'Conduit'.</msg>
<status status="PASS" starttime="20200516 22:55:44.240" endtime="20200516 22:55:44.242"></status>
</kw>
<status status="PASS" starttime="20200516 22:55:44.238" endtime="20200516 22:55:44.242"></status>
</kw>
<kw name="Close Browser" library="SeleniumLibrary" type="teardown">
<doc>Closes the current browser.</doc>
<status status="PASS" starttime="20200516 22:55:44.242" endtime="20200516 22:55:45.112"></status>
</kw>
<status status="PASS" starttime="20200516 22:55:37.155" endtime="20200516 22:55:45.112" critical="yes"></status>
</test>
<test id="s1-s1-t5" name="Login and Logout">
<kw name="Open Browser To Login Page" library="resource" type="setup">
<kw name="Open Browser" library="SeleniumLibrary">
<doc>Opens a new browser instance to the optional ``url``.</doc>
<arguments>
<arg>${LOGIN URL}</arg>
<arg>${BROWSER}</arg>
</arguments>
<msg timestamp="20200516 22:55:45.115" level="INFO">Opening browser 'Firefox' to base url 'https://gothinkster.github.io/clojurescript-keechma-realworld-example-app/#!login'.</msg>
<msg timestamp="20200516 22:55:45.116" level="INFO">Firefox driver log is always forced to to: C:\Users\antip\Desktop\Uusi kansio\TTOS0800_0900\PT4\geckodriver-23.log</msg>
<status status="PASS" starttime="20200516 22:55:45.114" endtime="20200516 22:55:50.527"></status>
</kw>
<kw name="Maximize Browser Window" library="SeleniumLibrary">
<doc>Maximizes current browser window.</doc>
<status status="PASS" starttime="20200516 22:55:50.527" endtime="20200516 22:55:50.788"></status>
</kw>
<kw name="Set Selenium Speed" library="SeleniumLibrary">
<doc>Sets the delay that is waited after each Selenium command.</doc>
<arguments>
<arg>${DELAY}</arg>
</arguments>
<status status="PASS" starttime="20200516 22:55:50.788" endtime="20200516 22:55:50.788"></status>
</kw>
<kw name="Login Page Should Be Open" library="resource">
<kw name="Location Should Be" library="SeleniumLibrary">
<doc>Verifies that the current URL is exactly ``url``.</doc>
<arguments>
<arg>${LOGIN URL}</arg>
</arguments>
<msg timestamp="20200516 22:55:50.790" level="INFO">Current location is 'https://gothinkster.github.io/clojurescript-keechma-realworld-example-app/#!login'.</msg>
<status status="PASS" starttime="20200516 22:55:50.789" endtime="20200516 22:55:50.790"></status>
</kw>
<kw name="Title Should Be" library="SeleniumLibrary">
<doc>Verifies that the current page title equals ``title``.</doc>
<arguments>
<arg>Conduit</arg>
</arguments>
<msg timestamp="20200516 22:55:50.792" level="INFO">Page title is 'Conduit'.</msg>
<status status="PASS" starttime="20200516 22:55:50.790" endtime="20200516 22:55:50.792"></status>
</kw>
<status status="PASS" starttime="20200516 22:55:50.788" endtime="20200516 22:55:50.792"></status>
</kw>
<status status="PASS" starttime="20200516 22:55:45.114" endtime="20200516 22:55:50.792"></status>
</kw>
<kw name="User succesfully enters credentials">
<kw name="Input Username" library="resource">
<arguments>
<arg>${VALID USER}</arg>
</arguments>
<kw name="Input Text" library="SeleniumLibrary">
<doc>Types the given ``text`` into the text field identified by ``locator``.</doc>
<arguments>
<arg>xpath=//*[@id="app"]/div/div/div/div/div/form/fieldset[1]/input</arg>
<arg>${username}</arg>
</arguments>
<msg timestamp="20200516 22:55:50.793" level="INFO">Typing text 'testitunnus@testitunnus.fi' into text field 'xpath=//*[@id="app"]/div/div/div/div/div/form/fieldset[1]/input'.</msg>
<status status="PASS" starttime="20200516 22:55:50.793" endtime="20200516 22:55:50.832"></status>
</kw>
<status status="PASS" starttime="20200516 22:55:50.792" endtime="20200516 22:55:50.833"></status>
</kw>
<kw name="Input Password" library="resource">
<arguments>
<arg>${VALID PASSWORD}</arg>
</arguments>
<kw name="Input Text" library="SeleniumLibrary">
<doc>Types the given ``text`` into the text field identified by ``locator``.</doc>
<arguments>
<arg>xpath=//*[@id="app"]/div/div/div/div/div/form/fieldset[2]/input</arg>
<arg>${password}</arg>
</arguments>
<msg timestamp="20200516 22:55:50.835" level="INFO">Typing text 'testitunnus1234' into text field 'xpath=//*[@id="app"]/div/div/div/div/div/form/fieldset[2]/input'.</msg>
<status status="PASS" starttime="20200516 22:55:50.834" endtime="20200516 22:55:50.916"></status>
</kw>
<status status="PASS" starttime="20200516 22:55:50.833" endtime="20200516 22:55:50.916"></status>
</kw>
<kw name="Submit Credentials" library="resource">
<kw name="Click Button" library="SeleniumLibrary">
<doc>Clicks the button identified by ``locator``.</doc>
<arguments>
<arg>xpath=//*[@id="app"]/div/div/div/div/div/form/button</arg>
</arguments>
<msg timestamp="20200516 22:55:50.917" level="INFO">Clicking button 'xpath=//*[@id="app"]/div/div/div/div/div/form/button'.</msg>
<status status="PASS" starttime="20200516 22:55:50.917" endtime="20200516 22:55:51.186"></status>
</kw>
<kw name="Wait for page to load" library="resource">
<kw name="Sleep" library="BuiltIn">
<doc>Pauses the test executed for the given time.</doc>
<arguments>
<arg>1s</arg>
</arguments>
<msg timestamp="20200516 22:55:52.187" level="INFO">Slept 1 second</msg>
<status status="PASS" starttime="20200516 22:55:51.186" endtime="20200516 22:55:52.187"></status>
</kw>
<status status="PASS" starttime="20200516 22:55:51.186" endtime="20200516 22:55:52.187"></status>
</kw>
<status status="PASS" starttime="20200516 22:55:50.916" endtime="20200516 22:55:52.187"></status>
</kw>
<status status="PASS" starttime="20200516 22:55:50.792" endtime="20200516 22:55:52.187"></status>
</kw>
<kw name="Login Should Have Succeed" library="resource">
<kw name="Location Should Be" library="SeleniumLibrary">
<doc>Verifies that the current URL is exactly ``url``.</doc>
<arguments>
<arg>${WELCOME URL}</arg>
</arguments>
<msg timestamp="20200516 22:55:52.190" level="INFO">Current location is 'https://gothinkster.github.io/clojurescript-keechma-realworld-example-app/#!home/personal'.</msg>
<status status="PASS" starttime="20200516 22:55:52.188" endtime="20200516 22:55:52.190"></status>
</kw>
<kw name="Title Should Be" library="SeleniumLibrary">
<doc>Verifies that the current page title equals ``title``.</doc>
<arguments>
<arg>Conduit</arg>
</arguments>
<msg timestamp="20200516 22:55:52.191" level="INFO">Page title is 'Conduit'.</msg>
<status status="PASS" starttime="20200516 22:55:52.190" endtime="20200516 22:55:52.191"></status>
</kw>
<status status="PASS" starttime="20200516 22:55:52.188" endtime="20200516 22:55:52.191"></status>
</kw>
<kw name="User then Click Settings">
<kw name="Click Settings" library="resource">
<kw name="Click Element" library="SeleniumLibrary">
<doc>Click the element identified by ``locator``.</doc>
<arguments>
<arg>xpath=//*[@id="app"]/div/nav/div/ul/li[3]/a</arg>
</arguments>
<msg timestamp="20200516 22:55:52.192" level="INFO">Clicking element 'xpath=//*[@id="app"]/div/nav/div/ul/li[3]/a'.</msg>
<status status="PASS" starttime="20200516 22:55:52.192" endtime="20200516 22:55:52.207"></status>
</kw>
<kw name="Wait for page to load" library="resource">
<kw name="Sleep" library="BuiltIn">
<doc>Pauses the test executed for the given time.</doc>
<arguments>
<arg>1s</arg>
</arguments>
<msg timestamp="20200516 22:55:53.208" level="INFO">Slept 1 second</msg>
<status status="PASS" starttime="20200516 22:55:52.207" endtime="20200516 22:55:53.208"></status>
</kw>
<status status="PASS" starttime="20200516 22:55:52.207" endtime="20200516 22:55:53.208"></status>
</kw>
<status status="PASS" starttime="20200516 22:55:52.192" endtime="20200516 22:55:53.208"></status>
</kw>
<status status="PASS" starttime="20200516 22:55:52.192" endtime="20200516 22:55:53.208"></status>
</kw>
<kw name="User then Click Logout">
<kw name="Click Logout" library="resource">
<kw name="Click Element" library="SeleniumLibrary">
<doc>Click the element identified by ``locator``.</doc>
<arguments>
<arg>xpath=//*[@id="app"]/div/div/div/div/div/a</arg>
</arguments>
<msg timestamp="20200516 22:55:53.209" level="INFO">Clicking element 'xpath=//*[@id="app"]/div/div/div/div/div/a'.</msg>
<status status="PASS" starttime="20200516 22:55:53.209" endtime="20200516 22:55:53.225"></status>
</kw>
<kw name="Wait for page to load" library="resource">
<kw name="Sleep" library="BuiltIn">
<doc>Pauses the test executed for the given time.</doc>
<arguments>
<arg>1s</arg>
</arguments>
<msg timestamp="20200516 22:55:54.226" level="INFO">Slept 1 second</msg>
<status status="PASS" starttime="20200516 22:55:53.225" endtime="20200516 22:55:54.226"></status>
</kw>
<status status="PASS" starttime="20200516 22:55:53.225" endtime="20200516 22:55:54.226"></status>
</kw>
<status status="PASS" starttime="20200516 22:55:53.209" endtime="20200516 22:55:54.226"></status>
</kw>
<status status="PASS" starttime="20200516 22:55:53.209" endtime="20200516 22:55:54.226"></status>
</kw>
<kw name="User should then be able to Click Sign In">
<kw name="Click Sign In" library="resource">
<kw name="Click Element" library="SeleniumLibrary">
<doc>Click the element identified by ``locator``.</doc>
<arguments>
<arg>xpath=//*[@id="app"]/div/nav/div/ul/li[2]/a</arg>
</arguments>
<msg timestamp="20200516 22:55:54.227" level="INFO">Clicking element 'xpath=//*[@id="app"]/div/nav/div/ul/li[2]/a'.</msg>
<status status="PASS" starttime="20200516 22:55:54.227" endtime="20200516 22:55:54.241"></status>
</kw>
<kw name="Wait for page to load" library="resource">
<kw name="Sleep" library="BuiltIn">
<doc>Pauses the test executed for the given time.</doc>
<arguments>
<arg>1s</arg>
</arguments>
<msg timestamp="20200516 22:55:55.243" level="INFO">Slept 1 second</msg>
<status status="PASS" starttime="20200516 22:55:54.241" endtime="20200516 22:55:55.243"></status>
</kw>
<status status="PASS" starttime="20200516 22:55:54.241" endtime="20200516 22:55:55.243"></status>
</kw>
<status status="PASS" starttime="20200516 22:55:54.227" endtime="20200516 22:55:55.243"></status>
</kw>
<status status="PASS" starttime="20200516 22:55:54.227" endtime="20200516 22:55:55.243"></status>
</kw>
<kw name="Login Page Should Be Open" library="resource">
<kw name="Location Should Be" library="SeleniumLibrary">
<doc>Verifies that the current URL is exactly ``url``.</doc>
<arguments>
<arg>${LOGIN URL}</arg>
</arguments>
<msg timestamp="20200516 22:55:55.245" level="INFO">Current location is 'https://gothinkster.github.io/clojurescript-keechma-realworld-example-app/#!login'.</msg>
<status status="PASS" starttime="20200516 22:55:55.244" endtime="20200516 22:55:55.245"></status>
</kw>
<kw name="Title Should Be" library="SeleniumLibrary">
<doc>Verifies that the current page title equals ``title``.</doc>
<arguments>
<arg>Conduit</arg>
</arguments>
<msg timestamp="20200516 22:55:55.247" level="INFO">Page title is 'Conduit'.</msg>
<status status="PASS" starttime="20200516 22:55:55.246" endtime="20200516 22:55:55.247"></status>
</kw>
<status status="PASS" starttime="20200516 22:55:55.244" endtime="20200516 22:55:55.247"></status>
</kw>
<kw name="Close Browser" library="SeleniumLibrary" type="teardown">
<doc>Closes the current browser.</doc>
<status status="PASS" starttime="20200516 22:55:55.247" endtime="20200516 22:55:56.180"></status>
</kw>
<status status="PASS" starttime="20200516 22:55:45.114" endtime="20200516 22:55:56.180" critical="yes"></status>
</test>
<test id="s1-s1-t6" name="Login and post an article and delete after">
<kw name="Open Browser To Login Page" library="resource" type="setup">
<kw name="Open Browser" library="SeleniumLibrary">
<doc>Opens a new browser instance to the optional ``url``.</doc>
<arguments>
<arg>${LOGIN URL}</arg>
<arg>${BROWSER}</arg>
</arguments>
<msg timestamp="20200516 22:55:56.183" level="INFO">Opening browser 'Firefox' to base url 'https://gothinkster.github.io/clojurescript-keechma-realworld-example-app/#!login'.</msg>
<msg timestamp="20200516 22:55:56.184" level="INFO">Firefox driver log is always forced to to: C:\Users\antip\Desktop\Uusi kansio\TTOS0800_0900\PT4\geckodriver-24.log</msg>
<status status="PASS" starttime="20200516 22:55:56.182" endtime="20200516 22:56:01.613"></status>
</kw>
<kw name="Maximize Browser Window" library="SeleniumLibrary">
<doc>Maximizes current browser window.</doc>
<status status="PASS" starttime="20200516 22:56:01.613" endtime="20200516 22:56:01.868"></status>
</kw>
<kw name="Set Selenium Speed" library="SeleniumLibrary">
<doc>Sets the delay that is waited after each Selenium command.</doc>
<arguments>
<arg>${DELAY}</arg>
</arguments>
<status status="PASS" starttime="20200516 22:56:01.868" endtime="20200516 22:56:01.868"></status>
</kw>
<kw name="Login Page Should Be Open" library="resource">
<kw name="Location Should Be" library="SeleniumLibrary">
<doc>Verifies that the current URL is exactly ``url``.</doc>
<arguments>
<arg>${LOGIN URL}</arg>
</arguments>
<msg timestamp="20200516 22:56:01.870" level="INFO">Current location is 'https://gothinkster.github.io/clojurescript-keechma-realworld-example-app/#!login'.</msg>
<status status="PASS" starttime="20200516 22:56:01.868" endtime="20200516 22:56:01.870"></status>
</kw>
<kw name="Title Should Be" library="SeleniumLibrary">
<doc>Verifies that the current page title equals ``title``.</doc>
<arguments>
<arg>Conduit</arg>
</arguments>
<msg timestamp="20200516 22:56:01.871" level="INFO">Page title is 'Conduit'.</msg>
<status status="PASS" starttime="20200516 22:56:01.870" endtime="20200516 22:56:01.871"></status>
</kw>
<status status="PASS" starttime="20200516 22:56:01.868" endtime="20200516 22:56:01.872"></status>
</kw>
<status status="PASS" starttime="20200516 22:55:56.182" endtime="20200516 22:56:01.872"></status>
</kw>
<kw name="User succesfully enters credentials">
<kw name="Input Username" library="resource">
<arguments>
<arg>${VALID USER}</arg>
</arguments>
<kw name="Input Text" library="SeleniumLibrary">
<doc>Types the given ``text`` into the text field identified by ``locator``.</doc>
<arguments>
<arg>xpath=//*[@id="app"]/div/div/div/div/div/form/fieldset[1]/input</arg>
<arg>${username}</arg>
</arguments>
<msg timestamp="20200516 22:56:01.873" level="INFO">Typing text 'testitunnus@testitunnus.fi' into text field 'xpath=//*[@id="app"]/div/div/div/div/div/form/fieldset[1]/input'.</msg>
<status status="PASS" starttime="20200516 22:56:01.873" endtime="20200516 22:56:01.914"></status>
</kw>
<status status="PASS" starttime="20200516 22:56:01.872" endtime="20200516 22:56:01.914"></status>
</kw>
<kw name="Input Password" library="resource">
<arguments>
<arg>${VALID PASSWORD}</arg>
</arguments>
<kw name="Input Text" library="SeleniumLibrary">
<doc>Types the given ``text`` into the text field identified by ``locator``.</doc>
<arguments>
<arg>xpath=//*[@id="app"]/div/div/div/div/div/form/fieldset[2]/input</arg>
<arg>${password}</arg>
</arguments>
<msg timestamp="20200516 22:56:01.916" level="INFO">Typing text 'testitunnus1234' into text field 'xpath=//*[@id="app"]/div/div/div/div/div/form/fieldset[2]/input'.</msg>
<status status="PASS" starttime="20200516 22:56:01.916" endtime="20200516 22:56:02.007"></status>
</kw>
<status status="PASS" starttime="20200516 22:56:01.914" endtime="20200516 22:56:02.007"></status>
</kw>
<kw name="Submit Credentials" library="resource">
<kw name="Click Button" library="SeleniumLibrary">
<doc>Clicks the button identified by ``locator``.</doc>
<arguments>
<arg>xpath=//*[@id="app"]/div/div/div/div/div/form/button</arg>
</arguments>
<msg timestamp="20200516 22:56:02.008" level="INFO">Clicking button 'xpath=//*[@id="app"]/div/div/div/div/div/form/button'.</msg>
<status status="PASS" starttime="20200516 22:56:02.007" endtime="20200516 22:56:02.283"></status>
</kw>
<kw name="Wait for page to load" library="resource">
<kw name="Sleep" library="BuiltIn">
<doc>Pauses the test executed for the given time.</doc>
<arguments>
<arg>1s</arg>
</arguments>
<msg timestamp="20200516 22:56:03.284" level="INFO">Slept 1 second</msg>
<status status="PASS" starttime="20200516 22:56:02.283" endtime="20200516 22:56:03.284"></status>
</kw>
<status status="PASS" starttime="20200516 22:56:02.283" endtime="20200516 22:56:03.284"></status>
</kw>
<status status="PASS" starttime="20200516 22:56:02.007" endtime="20200516 22:56:03.284"></status>
</kw>
<status status="PASS" starttime="20200516 22:56:01.872" endtime="20200516 22:56:03.284"></status>
</kw>
<kw name="Login Should Have Succeed" library="resource">
<kw name="Location Should Be" library="SeleniumLibrary">
<doc>Verifies that the current URL is exactly ``url``.</doc>
<arguments>
<arg>${WELCOME URL}</arg>
</arguments>
<msg timestamp="20200516 22:56:03.289" level="INFO">Current location is 'https://gothinkster.github.io/clojurescript-keechma-realworld-example-app/#!home/personal'.</msg>
<status status="PASS" starttime="20200516 22:56:03.285" endtime="20200516 22:56:03.289"></status>
</kw>
<kw name="Title Should Be" library="SeleniumLibrary">
<doc>Verifies that the current page title equals ``title``.</doc>
<arguments>
<arg>Conduit</arg>
</arguments>
<msg timestamp="20200516 22:56:03.291" level="INFO">Page title is 'Conduit'.</msg>
<status status="PASS" starttime="20200516 22:56:03.289" endtime="20200516 22:56:03.291"></status>
</kw>
<status status="PASS" starttime="20200516 22:56:03.285" endtime="20200516 22:56:03.291"></status>
</kw>
<kw name="User clicks new post">
<kw name="Click New Post" library="resource">
<kw name="Click Element" library="SeleniumLibrary">
<doc>Click the element identified by ``locator``.</doc>
<arguments>
<arg>xpath=//*[@id="app"]/div/nav/div/ul/li[2]/a</arg>
</arguments>
<msg timestamp="20200516 22:56:03.292" level="INFO">Clicking element 'xpath=//*[@id="app"]/div/nav/div/ul/li[2]/a'.</msg>
<status status="PASS" starttime="20200516 22:56:03.292" endtime="20200516 22:56:03.322"></status>
</kw>
<kw name="Wait for page to load" library="resource">
<kw name="Sleep" library="BuiltIn">
<doc>Pauses the test executed for the given time.</doc>
<arguments>
<arg>1s</arg>
</arguments>
<msg timestamp="20200516 22:56:04.323" level="INFO">Slept 1 second</msg>
<status status="PASS" starttime="20200516 22:56:03.322" endtime="20200516 22:56:04.323"></status>
</kw>
<status status="PASS" starttime="20200516 22:56:03.322" endtime="20200516 22:56:04.323"></status>
</kw>
<status status="PASS" starttime="20200516 22:56:03.292" endtime="20200516 22:56:04.323"></status>
</kw>
<status status="PASS" starttime="20200516 22:56:03.291" endtime="20200516 22:56:04.323"></status>
</kw>
<kw name="User fills the article and publish it">
<kw name="Fill The Article" library="resource">
<kw name="Input Text" library="SeleniumLibrary">
<doc>Types the given ``text`` into the text field identified by ``locator``.</doc>
<arguments>
<arg>xpath=//*[@id="app"]/div/div/div/div/div/form/fieldset[1]/input</arg>
<arg>Article test title</arg>
</arguments>
<msg timestamp="20200516 22:56:04.324" level="INFO">Typing text 'Article test title' into text field 'xpath=//*[@id="app"]/div/div/div/div/div/form/fieldset[1]/input'.</msg>
<status status="PASS" starttime="20200516 22:56:04.324" endtime="20200516 22:56:04.351"></status>
</kw>
<kw name="Input Text" library="SeleniumLibrary">
<doc>Types the given ``text`` into the text field identified by ``locator``.</doc>
<arguments>
<arg>xpath=//*[@id="app"]/div/div/div/div/div/form/fieldset[2]/input</arg>
<arg>This article is about testing</arg>
</arguments>
<msg timestamp="20200516 22:56:04.351" level="INFO">Typing text 'This article is about testing' into text field 'xpath=//*[@id="app"]/div/div/div/div/div/form/fieldset[2]/input'.</msg>
<status status="PASS" starttime="20200516 22:56:04.351" endtime="20200516 22:56:04.424"></status>
</kw>
<kw name="Input Text" library="SeleniumLibrary">
<doc>Types the given ``text`` into the text field identified by ``locator``.</doc>
<arguments>
<arg>xpath=//*[@id="app"]/div/div/div/div/div/form/fieldset[3]/textarea</arg>
<arg>This is a test article about testing</arg>
</arguments>
<msg timestamp="20200516 22:56:04.425" level="INFO">Typing text 'This is a test article about testing' into text field 'xpath=//*[@id="app"]/div/div/div/div/div/form/fieldset[3]/textarea'.</msg>
<status status="PASS" starttime="20200516 22:56:04.424" endtime="20200516 22:56:04.504"></status>
</kw>
<kw name="Input Text" library="SeleniumLibrary">
<doc>Types the given ``text`` into the text field identified by ``locator``.</doc>
<arguments>
<arg>xpath=//*[@id="app"]/div/div/div/div/div/form/fieldset[4]/input</arg>
<arg>test</arg>
</arguments>
<msg timestamp="20200516 22:56:04.504" level="INFO">Typing text 'test' into text field 'xpath=//*[@id="app"]/div/div/div/div/div/form/fieldset[4]/input'.</msg>
<status status="PASS" starttime="20200516 22:56:04.504" endtime="20200516 22:56:04.564"></status>
</kw>
<status status="PASS" starttime="20200516 22:56:04.324" endtime="20200516 22:56:04.564"></status>
</kw>
<kw name="Click Publish Article" library="resource">
<kw name="Click Button" library="SeleniumLibrary">
<doc>Clicks the button identified by ``locator``.</doc>
<arguments>
<arg>xpath=//*[@id="app"]/div/div/div/div/div/form/button</arg>
</arguments>
<msg timestamp="20200516 22:56:04.564" level="INFO">Clicking button 'xpath=//*[@id="app"]/div/div/div/div/div/form/button'.</msg>
<status status="PASS" starttime="20200516 22:56:04.564" endtime="20200516 22:56:04.793"></status>
</kw>
<kw name="Wait for page to load" library="resource">
<kw name="Sleep" library="BuiltIn">
<doc>Pauses the test executed for the given time.</doc>
<arguments>
<arg>1s</arg>
</arguments>
<msg timestamp="20200516 22:56:05.794" level="INFO">Slept 1 second</msg>
<status status="PASS" starttime="20200516 22:56:04.793" endtime="20200516 22:56:05.794"></status>
</kw>
<status status="PASS" starttime="20200516 22:56:04.793" endtime="20200516 22:56:05.794"></status>
</kw>
<status status="PASS" starttime="20200516 22:56:04.564" endtime="20200516 22:56:05.794"></status>
</kw>
<status status="PASS" starttime="20200516 22:56:04.324" endtime="20200516 22:56:05.794"></status>
</kw>
<kw name="User deletes the article">
<kw name="Click Button" library="SeleniumLibrary">
<doc>Clicks the button identified by ``locator``.</doc>
<arguments>
<arg>xpath=//*[@id="app"]/div/div/div[2]/div[2]/div/button</arg>
</arguments>
<msg timestamp="20200516 22:56:05.795" level="INFO">Clicking button 'xpath=//*[@id="app"]/div/div/div[2]/div[2]/div/button'.</msg>
<status status="PASS" starttime="20200516 22:56:05.795" endtime="20200516 22:56:06.016"></status>
</kw>
<kw name="Wait for page to load" library="resource">
<kw name="Sleep" library="BuiltIn">
<doc>Pauses the test executed for the given time.</doc>
<arguments>
<arg>1s</arg>
</arguments>
<msg timestamp="20200516 22:56:07.018" level="INFO">Slept 1 second</msg>
<status status="PASS" starttime="20200516 22:56:06.017" endtime="20200516 22:56:07.018"></status>
</kw>
<status status="PASS" starttime="20200516 22:56:06.016" endtime="20200516 22:56:07.018"></status>
</kw>
<status status="PASS" starttime="20200516 22:56:05.795" endtime="20200516 22:56:07.018"></status>
</kw>
<kw name="Delete should be succesfull">
<kw name="Location Should Be" library="SeleniumLibrary">
<doc>Verifies that the current URL is exactly ``url``.</doc>
<arguments>
<arg>${HOME URL}</arg>
</arguments>
<msg timestamp="20200516 22:56:07.021" level="INFO">Current location is 'https://gothinkster.github.io/clojurescript-keechma-realworld-example-app/#!home'.</msg>
<status status="PASS" starttime="20200516 22:56:07.019" endtime="20200516 22:56:07.021"></status>
</kw>
<kw name="Title Should Be" library="SeleniumLibrary">
<doc>Verifies that the current page title equals ``title``.</doc>
<arguments>
<arg>Conduit</arg>
</arguments>
<msg timestamp="20200516 22:56:07.023" level="INFO">Page title is 'Conduit'.</msg>
<status status="PASS" starttime="20200516 22:56:07.021" endtime="20200516 22:56:07.023"></status>
</kw>
<status status="PASS" starttime="20200516 22:56:07.019" endtime="20200516 22:56:07.023"></status>
</kw>
<kw name="Close Browser" library="SeleniumLibrary" type="teardown">
<doc>Closes the current browser.</doc>
<status status="PASS" starttime="20200516 22:56:07.023" endtime="20200516 22:56:07.893"></status>
</kw>
<status status="PASS" starttime="20200516 22:55:56.182" endtime="20200516 22:56:07.893" critical="yes"></status>
</test>
<doc>A test suite with various login tests both failing and succeeding

This test tries to login to the website and should
finally success in it. Finally it tests about logging in
and publishing an article and then deleting it.</doc>
<status status="FAIL" starttime="20200516 22:55:13.102" endtime="20200516 22:56:07.895"></status>
</suite>
<status status="FAIL" starttime="20200516 22:55:13.085" endtime="20200516 22:56:07.898"></status>
</suite>
<statistics>
<total>
<stat pass="5" fail="1">Critical Tests</stat>
<stat pass="5" fail="1">All Tests</stat>
</total>
<tag>
</tag>
<suite>
<stat pass="5" fail="1" id="s1" name="Login Tests Two">Login Tests Two</stat>
<stat pass="5" fail="1" id="s1-s1" name="Login Attemps">Login Tests Two.Login Attemps</stat>
</suite>
</statistics>
<errors>
</errors>
</robot>
